<?xml version="1.0" encoding="UTF-8"?>
<!-- Generated by org.testng.reporters.JUnitXMLReporter -->
<testsuite ignored="1" hostname="DESKTOP-9CVJATO" failures="0" tests="1" name="Default test" time="8.011" errors="0" timestamp="2023-12-16T07:58:59 EST">
  <testcase classname="com.selenium_learning.seleniumtest.Controller" name="verifyTitle" time="0.17"/>
  <testcase classname="com.selenium_learning.seleniumtest.Controller" name="loginAndVerify" time="0.0">
    <ignored/>
  </testcase> <!-- loginAndVerify -->
</testsuite> <!-- Default test -->
