<?xml version="1.0" encoding="UTF-8"?>
<testng-results ignored="0" total="2" passed="2" failed="0" skipped="0">
  <reporter-output>
  </reporter-output>
  <suite started-at="2023-12-16T08:50:51 EST" name="MyTestSuite" finished-at="2023-12-16T08:51:10 EST" duration-ms="18834">
    <groups>
    </groups>
    <test started-at="2023-12-16T08:50:51 EST" name="ValidUserTest" finished-at="2023-12-16T08:51:04 EST" duration-ms="13338">
      <class name="com.selenium_learning.seleniumtest.Controller">
        <test-method is-config="true" signature="setUp()[pri:0, instance:com.selenium_learning.seleniumtest.Controller@56cdfb3b]" started-at="2023-12-16T08:50:51 EST" name="setUp" finished-at="2023-12-16T08:50:57 EST" duration-ms="5743" status="PASS">
          <reporter-output>
          </reporter-output>
        </test-method> <!-- setUp -->
        <test-method signature="loginAndVerify(java.lang.String,java.lang.String)[pri:1, instance:com.selenium_learning.seleniumtest.Controller@56cdfb3b]" started-at="2023-12-16T08:50:57 EST" name="loginAndVerify" finished-at="2023-12-16T08:51:04 EST" duration-ms="7072" status="PASS">
          <params>
            <param index="0">
              <value>
                <![CDATA[standard_user]]>
              </value>
            </param>
            <param index="1">
              <value>
                <![CDATA[secret_sauce]]>
              </value>
            </param>
          </params>
          <reporter-output>
          </reporter-output>
        </test-method> <!-- loginAndVerify -->
        <test-method is-config="true" signature="tearDown()[pri:0, instance:com.selenium_learning.seleniumtest.Controller@56cdfb3b]" started-at="2023-12-16T08:51:04 EST" name="tearDown" finished-at="2023-12-16T08:51:04 EST" duration-ms="428" status="PASS">
          <reporter-output>
          </reporter-output>
        </test-method> <!-- tearDown -->
      </class> <!-- com.selenium_learning.seleniumtest.Controller -->
    </test> <!-- ValidUserTest -->
    <test started-at="2023-12-16T08:51:04 EST" name="InvalidUserTest" finished-at="2023-12-16T08:51:10 EST" duration-ms="5337">
      <class name="com.selenium_learning.seleniumtest.Controller">
        <test-method is-config="true" signature="setUpSuite()[pri:0, instance:com.selenium_learning.seleniumtest.Controller@3ee37e5a]" started-at="2023-12-16T08:50:51 EST" name="setUpSuite" finished-at="2023-12-16T08:50:51 EST" duration-ms="19" status="PASS">
          <reporter-output>
          </reporter-output>
        </test-method> <!-- setUpSuite -->
        <test-method is-config="true" signature="setUp()[pri:0, instance:com.selenium_learning.seleniumtest.Controller@3ee37e5a]" started-at="2023-12-16T08:51:04 EST" name="setUp" finished-at="2023-12-16T08:51:08 EST" duration-ms="3505" status="PASS">
          <reporter-output>
          </reporter-output>
        </test-method> <!-- setUp -->
        <test-method signature="loginAndVerify(java.lang.String,java.lang.String)[pri:1, instance:com.selenium_learning.seleniumtest.Controller@3ee37e5a]" started-at="2023-12-16T08:51:08 EST" name="loginAndVerify" finished-at="2023-12-16T08:51:09 EST" duration-ms="1370" status="PASS">
          <params>
            <param index="0">
              <value>
                <![CDATA[standard_Invaliduser]]>
              </value>
            </param>
            <param index="1">
              <value>
                <![CDATA[secret_Invalidpwd]]>
              </value>
            </param>
          </params>
          <reporter-output>
          </reporter-output>
        </test-method> <!-- loginAndVerify -->
        <test-method is-config="true" signature="tearDown()[pri:0, instance:com.selenium_learning.seleniumtest.Controller@3ee37e5a]" started-at="2023-12-16T08:51:09 EST" name="tearDown" finished-at="2023-12-16T08:51:10 EST" duration-ms="450" status="PASS">
          <reporter-output>
          </reporter-output>
        </test-method> <!-- tearDown -->
      </class> <!-- com.selenium_learning.seleniumtest.Controller -->
    </test> <!-- InvalidUserTest -->
  </suite> <!-- MyTestSuite -->
</testng-results>
